# JRE version: 7.0_17-b02
# Java VM: Java HotSpot(TM) Client VM (23.7-b01 mixed mode windows-x86 )
Heap
 def new generation   total 310912K, used 13172K [0x033c0000, 0x18510000, 0x18510000)
  eden space 276416K,   4% used [0x033c0000, 0x0409d338, 0x141b0000)
  from space 34496K,   0% used [0x16360000, 0x16360000, 0x18510000)
  to   space 34496K,   0% used [0x141b0000, 0x141b0000, 0x16360000)
 tenured generation   total 690880K, used 58575K [0x18510000, 0x427c0000, 0x427c0000)
   the space 690880K,   8% used [0x18510000, 0x1be43c28, 0x1be43e00, 0x427c0000)
 compacting perm gen  total 20736K, used 20535K [0x427c0000, 0x43c00000, 0x467c0000)
   the space 20736K,  99% used [0x427c0000, 0x43bcde90, 0x43bce000, 0x43c00000)
GC Heap History (6 events):
Event: 12.218 GC heap before
{Heap before GC invocations=0 (full 0):
 def new generation   total 310912K, used 215186K [0x033c0000, 0x18510000, 0x18510000)
  eden space 276416K,  77% used [0x033c0000, 0x105e48d0, 0x141b0000)
  from space 34496K,   0% used [0x141b0000, 0x141b0000, 0x16360000)
  to   space 34496K,   0% used [0x16360000, 0x16360000, 0x18510000)
 tenured generation   total 690880K, used 0K [0x18510000, 0x427c0000, 0x427c0000)
   the space 690880K,   0% used [0x18510000, 0x18510000, 0x18510200, 0x427c0000)
 compacting perm gen  total 16384K, used 16383K [0x427c0000, 0x437c0000, 0x467c0000)
   the space 16384K,  99% used [0x427c0000, 0x437bffe0, 0x437c0000, 0x437c0000)
No shared spaces configured.
Event: 12.357 GC heap after
Heap after GC invocations=1 (full 1):
 def new generation   total 310912K, used 0K [0x033c0000, 0x18510000, 0x18510000)
  eden space 276416K,   0% used [0x033c0000, 0x033c0000, 0x141b0000)
  from space 34496K,   0% used [0x141b0000, 0x141b0000, 0x16360000)
  to   space 34496K,   0% used [0x16360000, 0x16360000, 0x18510000)
 tenured generation   total 690880K, used 16549K [0x18510000, 0x427c0000, 0x427c0000)
   the space 690880K,   2% used [0x18510000, 0x195396b0, 0x19539800, 0x427c0000)
 compacting perm gen  total 16384K, used 16383K [0x427c0000, 0x437c0000, 0x467c0000)
   the space 16384K,  99% used [0x427c0000, 0x437bffe0, 0x437c0000, 0x437c0000)
No shared spaces configured.
}
Event: 13.436 GC heap before
{Heap before GC invocations=1 (full 1):
 def new generation   total 310912K, used 276311K [0x033c0000, 0x18510000, 0x18510000)
  eden space 276416K,  99% used [0x033c0000, 0x14195df0, 0x141b0000)
  from space 34496K,   0% used [0x141b0000, 0x141b0000, 0x16360000)
  to   space 34496K,   0% used [0x16360000, 0x16360000, 0x18510000)
 tenured generation   total 690880K, used 16549K [0x18510000, 0x427c0000, 0x427c0000)
   the space 690880K,   2% used [0x18510000, 0x195396b0, 0x19539800, 0x427c0000)
 compacting perm gen  total 18176K, used 18103K [0x427c0000, 0x43980000, 0x467c0000)
   the space 18176K,  99% used [0x427c0000, 0x4396de68, 0x4396e000, 0x43980000)
No shared spaces configured.
Event: 13.455 GC heap after
Heap after GC invocations=2 (full 1):
 def new generation   total 310912K, used 2414K [0x033c0000, 0x18510000, 0x18510000)
  eden space 276416K,   0% used [0x033c0000, 0x033c0000, 0x141b0000)
  from space 34496K,   6% used [0x16360000, 0x165bba08, 0x18510000)
  to   space 34496K,   0% used [0x141b0000, 0x141b0000, 0x16360000)
 tenured generation   total 690880K, used 16549K [0x18510000, 0x427c0000, 0x427c0000)
   the space 690880K,   2% used [0x18510000, 0x195396b0, 0x19539800, 0x427c0000)
 compacting perm gen  total 18176K, used 18103K [0x427c0000, 0x43980000, 0x467c0000)
   the space 18176K,  99% used [0x427c0000, 0x4396de68, 0x4396e000, 0x43980000)
No shared spaces configured.
}
Event: 17.486 GC heap before
{Heap before GC invocations=2 (full 1):
 def new generation   total 310912K, used 103675K [0x033c0000, 0x18510000, 0x18510000)
  eden space 276416K,  36% used [0x033c0000, 0x096a35d0, 0x141b0000)
  from space 34496K,   6% used [0x16360000, 0x165bba08, 0x18510000)
  to   space 34496K,   0% used [0x141b0000, 0x141b0000, 0x16360000)
 tenured generation   total 690880K, used 16549K [0x18510000, 0x427c0000, 0x427c0000)
   the space 690880K,   2% used [0x18510000, 0x195396b0, 0x19539800, 0x427c0000)
 compacting perm gen  total 20480K, used 20479K [0x427c0000, 0x43bc0000, 0x467c0000)
   the space 20480K,  99% used [0x427c0000, 0x43bbffd0, 0x43bc0000, 0x43bc0000)
No shared spaces configured.
Event: 17.696 GC heap after
Heap after GC invocations=3 (full 2):
 def new generation   total 310912K, used 0K [0x033c0000, 0x18510000, 0x18510000)
  eden space 276416K,   0% used [0x033c0000, 0x033c0000, 0x141b0000)
  from space 34496K,   0% used [0x16360000, 0x16360000, 0x18510000)
  to   space 34496K,   0% used [0x141b0000, 0x141b0000, 0x16360000)
 tenured generation   total 690880K, used 58575K [0x18510000, 0x427c0000, 0x427c0000)
   the space 690880K,   8% used [0x18510000, 0x1be43c28, 0x1be43e00, 0x427c0000)
 compacting perm gen  total 20480K, used 20479K [0x427c0000, 0x43bc0000, 0x467c0000)
   the space 20480K,  99% used [0x427c0000, 0x43bbffd0, 0x43bc0000, 0x43bc0000)
No shared spaces configured.
}

